<?xml version="1.0" encoding="UTF-8"?>
<!-- Generated by org.testng.reporters.JUnitReportReporter -->
<testsuite hostname="LH900136" name="test.Test_testXml" tests="1" failures="0" timestamp="19 Aug 2016 08:32:20 GMT" time="0.342" errors="0">
  <testcase name="testfinalVersion" time="0.342" classname="test.Test_testXml"/>
</testsuite> <!-- test.Test_testXml -->
